Build started 30-1-2013 20:11:01.
     1>Project "E:\Projects\WatyBotRevamp\WatyBotRevamp\WatyBotRevamp.vcxproj" on node 2 (Build target(s)).
     1>ClCompile:
         E:\Prgrams\Microsoft Visual Studio 11.0\VC\bin\CL.exe /c /IE:\Programs\boost_1_52_0 /Zi /nologo /W3 /WX- /O2 /Oi /Oy- /GL /D WIN32 /D NDEBUG /D _WINDOWS /D _USRDLL /D WATYBOTREVAMP_EXPORTS /D _WINDLL /D _UNICODE /D UNICODE /Gm- /EHsc /MD /GS /Gy /fp:precise /Zc:wchar_t /Zc:forScope /Fo"Release\\" /Fd"Release\vc110.pdb" /Gd /TP /analyze- /errorReport:prompt MainDll.cpp Memory.cpp SendPacket.cpp
         MainDll.cpp
         Memory.cpp
         SendPacket.cpp
         E:\Prgrams\Microsoft Visual Studio 11.0\VC\bin\CL.exe /c /IE:\Programs\boost_1_52_0 /AI"C:\Program Files (x86)\Reference Assemblies\Microsoft\Framework\.NETFramework\v4.0" /AI"C:\Program Files (x86)\Windows Kits\8.0\References\CommonConfiguration\Neutral" /Zi /clr /nologo /W3 /WX- /O2 /Oi /Oy- /GL /D WIN32 /D NDEBUG /D _WINDOWS /D _USRDLL /D WATYBOTREVAMP_EXPORTS /D _WINDLL /D _UNICODE /D UNICODE /Gm- /EHa /MD /GS /Gy /fp:precise /Zc:wchar_t /Zc:forScope /Fo"Release\\" /Fd"Release\vc110.pdb" /Gd /TP /FU"C:\Program Files (x86)\Reference Assemblies\Microsoft\Framework\.NETFramework\v4.0\mscorlib.dll" /FU"C:\Program Files (x86)\Reference Assemblies\Microsoft\Framework\.NETFramework\v4.0\System.Data.dll" /FU"C:\Program Files (x86)\Reference Assemblies\Microsoft\Framework\.NETFramework\v4.0\System.dll" /FU"C:\Program Files (x86)\Reference Assemblies\Microsoft\Framework\.NETFramework\v4.0\System.Drawing.dll" /FU"C:\Program Files (x86)\Reference Assemblies\Microsoft\Framework\.NETFramework\v4.0\System.Windows.Forms.dll" /FU"C:\Program Files (x86)\Reference Assemblies\Microsoft\Framework\.NETFramework\v4.0\System.Xml.dll" /analyze- /errorReport:prompt /clr:nostdlib MainForm.cpp
         MainForm.cpp
       Link:
         E:\Prgrams\Microsoft Visual Studio 11.0\VC\bin\link.exe /ERRORREPORT:PROMPT /OUT:"C:\Users\Wart\Desktop\Modules\WatyBot.dll" /INCREMENTAL:NO /NOLOGO /LIBPATH:E:\Programs\boost_1_52_0\stage\lib urlmon.lib kernel32.lib user32.lib gdi32.lib winspool.lib comdlg32.lib advapi32.lib shell32.lib ole32.lib oleaut32.lib uuid.lib odbc32.lib odbccp32.lib /ASSEMBLYRESOURCE:Release\WatyBotRevamp.MainForm.resources /MANIFEST /MANIFESTUAC:"level='asInvoker' uiAccess='false'" /manifest:embed /DEBUG /PDB:"C:\Users\Wart\Desktop\Modules\WatyBot.pdb" /SUBSYSTEM:WINDOWS /OPT:REF /OPT:ICF /LTCG /TLBID:1 /DYNAMICBASE /NXCOMPAT /IMPLIB:"C:\Users\Wart\Desktop\Modules\WatyBot.lib" /MACHINE:X86 /SAFESEH /DLL Release\MainDll.obj
         Release\MainForm.obj
         Release\Memory.obj
         Release\SendPacket.obj
         Generating code
         Finished generating code
         WatyBotRevamp.vcxproj -> C:\Users\Wart\Desktop\Modules\WatyBot.dll
     1>Done Building Project "E:\Projects\WatyBotRevamp\WatyBotRevamp\WatyBotRevamp.vcxproj" (Build target(s)).

Build succeeded.

Time Elapsed 00:00:06.43
